<?xml version="1.0" encoding="UTF-8"?>
<!-- Generated by org.testng.reporters.JUnitReportReporter -->
<testsuite skipped="0" hostname="sasmisah" name="understandingannotations" tests="2" failures="0" timestamp="17 Jun 2019 07:06:12 GMT" time="0.010" errors="0">
  <testcase name="test1" time="0.010" classname="understandingannotations"/>
  <testcase name="test2" time="0.000" classname="understandingannotations"/>
</testsuite> <!-- understandingannotations -->
