<?xml version="1.0" encoding="UTF-8"?>
<!-- Generated by org.testng.reporters.JUnitReportReporter -->
<testsuite skipped="0" hostname="sasmisah" name="prioritysettings" tests="3" failures="0" timestamp="17 Jun 2019 09:40:27 GMT" time="0.010" errors="0">
  <testcase name="test1" time="0.000" classname="prioritysettings"/>
  <testcase name="abc" time="0.010" classname="prioritysettings"/>
  <testcase name="test2" time="0.000" classname="prioritysettings"/>
</testsuite> <!-- prioritysettings -->
