<?xml version="1.0" encoding="UTF-8"?>
<!-- Generated by org.testng.reporters.JUnitReportReporter -->
<testsuite skipped="0" hostname="sasmisah" name="understingAnnotations" tests="2" failures="0" timestamp="17 Jun 2019 06:46:48 GMT" time="0.021" errors="0">
  <testcase name="test1" time="0.011" classname="understingAnnotations"/>
  <testcase name="test2" time="0.010" classname="understingAnnotations"/>
</testsuite> <!-- understingAnnotations -->
