<?xml version="1.0" encoding="UTF-8"?>
<!-- Generated by org.testng.reporters.JUnitReportReporter -->
<testsuite skipped="0" hostname="sasmisah" name="fwpracticeTest" tests="1" failures="0" timestamp="17 Jun 2019 05:11:19 GMT" time="0.015" errors="0">
  <testcase name="AddNumbersTest" time="0.015" classname="fwpracticeTest"/>
</testsuite> <!-- fwpracticeTest -->
