<?xml version="1.0" encoding="UTF-8"?>
<!-- Generated by org.testng.reporters.JUnitReportReporter -->
<testsuite skipped="0" hostname="sasmisah" name="tc1" tests="1" failures="0" timestamp="17 Jun 2019 09:39:37 GMT" time="20.023" errors="0">
  <testcase name="f" time="20.023" classname="tc1"/>
</testsuite> <!-- tc1 -->
