<?xml version="1.0" encoding="UTF-8"?>
<!-- Generated by org.testng.reporters.JUnitReportReporter -->
<testsuite skipped="0" hostname="sasmisah" name="testngdemoTest" tests="1" failures="0" timestamp="17 Jun 2019 05:24:03 GMT" time="0.011" errors="0">
  <testcase name="f" time="0.011" classname="testngdemoTest"/>
</testsuite> <!-- testngdemoTest -->
